\BOOKMARK [0][-]{chapter.1}{cv\137kickstarter package}{}% 1
\BOOKMARK [1][-]{section.1.1}{Subpackages}{chapter.1}% 2
\BOOKMARK [1][-]{section.1.2}{Submodules}{chapter.1}% 3
\BOOKMARK [1][-]{section.1.3}{cv\137kickstarter.academic\137skill\137set module}{chapter.1}% 4
\BOOKMARK [1][-]{section.1.4}{cv\137kickstarter.cnapi module}{chapter.1}% 5
\BOOKMARK [1][-]{section.1.5}{cv\137kickstarter.course\137keyword\137tokenizer module}{chapter.1}% 6
\BOOKMARK [1][-]{section.1.6}{cv\137kickstarter.course\137repository module}{chapter.1}% 7
\BOOKMARK [1][-]{section.1.7}{cv\137kickstarter.cv\137kickstarter\137config module}{chapter.1}% 8
\BOOKMARK [1][-]{section.1.8}{cv\137kickstarter.dtu\137course\137base module}{chapter.1}% 9
\BOOKMARK [1][-]{section.1.9}{cv\137kickstarter.dtu\137skill\137set module}{chapter.1}% 10
\BOOKMARK [1][-]{section.1.10}{cv\137kickstarter.ects\137grade\137calculator module}{chapter.1}% 11
\BOOKMARK [1][-]{section.1.11}{cv\137kickstarter.nltk\137data\137downloader module}{chapter.1}% 12
\BOOKMARK [1][-]{section.1.12}{cv\137kickstarter.session\137authentication module}{chapter.1}% 13
\BOOKMARK [1][-]{section.1.13}{Module contents}{chapter.1}% 14
\BOOKMARK [0][-]{chapter.2}{job\137searcher package}{}% 15
\BOOKMARK [1][-]{section.2.1}{Submodules}{chapter.2}% 16
\BOOKMARK [1][-]{section.2.2}{job\137searcher.career\137builder module}{chapter.2}% 17
\BOOKMARK [1][-]{section.2.3}{job\137searcher.go\137jobs module}{chapter.2}% 18
\BOOKMARK [1][-]{section.2.4}{job\137searcher.job module}{chapter.2}% 19
\BOOKMARK [1][-]{section.2.5}{job\137searcher.keyword\137evaluator module}{chapter.2}% 20
\BOOKMARK [1][-]{section.2.6}{Module contents}{chapter.2}% 21
\BOOKMARK [0][-]{chapter.3}{Using CV Kickstarter}{}% 22
\BOOKMARK [1][-]{section.3.1}{Setup}{chapter.3}% 23
\BOOKMARK [1][-]{section.3.2}{Configuration}{chapter.3}% 24
\BOOKMARK [1][-]{section.3.3}{Run webserver}{chapter.3}% 25
\BOOKMARK [1][-]{section.3.4}{Commmand Line Integration}{chapter.3}% 26
\BOOKMARK [1][-]{section.3.5}{Tests}{chapter.3}% 27
\BOOKMARK [0][-]{chapter.4}{Indices and tables}{}% 28
\BOOKMARK [0][-]{section*.160}{Python Module Index}{}% 29
\BOOKMARK [0][-]{section*.161}{Index}{}% 30
